<?xml version="1.0" encoding="UTF-8"?>
<!-- Generated by org.testng.reporters.JUnitReportReporter -->
<testsuite hostname="Abhilash" failures="0" tests="1" name="HTestFile.HTC01_Loginpage" time="23.503" errors="0" timestamp="2024-09-30T09:58:43 IST" skipped="0">
  <testcase classname="HTestFile.HTC01_Loginpage" name="login" time="23.503"/>
  <system-out>
    <![CDATA[Test Case is Passed]]>
  </system-out>
</testsuite> <!-- HTestFile.HTC01_Loginpage -->
