<?xml version="1.0" encoding="UTF-8"?>
<!-- Generated by org.testng.reporters.JUnitReportReporter -->
<testsuite hostname="Abhilash" failures="0" tests="1" name="HTestFile.HTC02_RegistrationPage" time="27.788" errors="0" timestamp="2024-09-30T09:58:43 IST" skipped="0">
  <testcase classname="HTestFile.HTC02_RegistrationPage" name="Registration" time="27.788"/>
  <system-out>
    <![CDATA[Test Case is Passed]]>
  </system-out>
</testsuite> <!-- HTestFile.HTC02_RegistrationPage -->
