<?xml version="1.0" encoding="UTF-8"?>
<!-- Generated by org.testng.reporters.JUnitReportReporter -->
<testsuite hostname="Abhilash" failures="0" tests="1" name="HTestFile.HTC01_Loginpage" time="26.032" errors="0" timestamp="2024-09-30T11:12:21 IST" skipped="0">
  <testcase classname="HTestFile.HTC01_Loginpage" name="login" time="26.032">
    <system-out>
      <![CDATA[Test Case is Passed]]>
    </system-out>
  </testcase> <!-- login -->
  <system-out>
    <![CDATA[Test Case is Passed
Test Case is Passed]]>
  </system-out>
</testsuite> <!-- HTestFile.HTC01_Loginpage -->
