<?xml version="1.0" encoding="UTF-8"?>
<!-- Generated by org.testng.reporters.JUnitReportReporter -->
<testsuite hostname="Abhilash" failures="0" tests="1" name="HTestFile.HTC02_RegistrationPage" time="24.402" errors="0" timestamp="2024-09-30T11:12:21 IST" skipped="0">
  <testcase classname="HTestFile.HTC02_RegistrationPage" name="Registration" time="24.402">
    <system-out>
      <![CDATA[Test Case is Passed]]>
    </system-out>
  </testcase> <!-- Registration -->
  <system-out>
    <![CDATA[Test Case is Passed
Test Case is Passed]]>
  </system-out>
</testsuite> <!-- HTestFile.HTC02_RegistrationPage -->
